<?xml version="1.0" encoding="UTF-8"?>
<testng-results ignored="0" total="1" passed="1" failed="0" skipped="0">
  <reporter-output>
  </reporter-output>
  <suite started-at="2024-02-08T17:12:12 IST" name="Default suite" finished-at="2024-02-08T17:12:12 IST" duration-ms="89">
    <groups>
    </groups>
    <test started-at="2024-02-08T17:12:12 IST" name="Default test" finished-at="2024-02-08T17:12:12 IST" duration-ms="89">
      <class name="SampleDeployment.com.test.Practiceone1">
        <test-method signature="f1()[pri:0, instance:SampleDeployment.com.test.Practiceone1@f5acb9d]" started-at="2024-02-08T17:12:12 IST" name="f1" finished-at="2024-02-08T17:12:12 IST" duration-ms="14" status="PASS">
          <reporter-output>
          </reporter-output>
        </test-method> <!-- f1 -->
      </class> <!-- SampleDeployment.com.test.Practiceone1 -->
    </test> <!-- Default test -->
  </suite> <!-- Default suite -->
</testng-results>
